<?xml version="1.0" encoding="UTF-8"?>
<!-- Generated by org.testng.reporters.JUnitReportReporter -->
<testsuite hostname="5CG1265QHJ" failures="0" tests="1" name="Academy.AppTest" time="0.007" errors="0" timestamp="2022-03-19T15:29:41 IST" skipped="0">
  <testcase classname="Academy.AppTest" name="shouldAnswerWithTrue" time="0.007"/>
  <system-out/>
</testsuite> <!-- Academy.AppTest -->
