<?xml version="1.0" encoding="UTF-8"?>
<!-- Generated by org.testng.reporters.JUnitReportReporter -->
<testsuite hostname="5CG1265QHJ" failures="0" tests="1" name="Academy.HomePage" time="112.457" errors="0" timestamp="2022-03-17T08:52:28 IST" skipped="0">
  <testcase classname="Academy.HomePage" name="basePageNavigation" time="112.457"/>
  <system-out/>
</testsuite> <!-- Academy.HomePage -->
