<?xml version="1.0" encoding="UTF-8"?>
<!-- Generated by org.testng.reporters.JUnitReportReporter -->
<testsuite hostname="5CG1265QHJ" failures="0" tests="1" name="Academy.HomePage" time="32.955" errors="0" timestamp="2022-03-19T15:19:51 IST" skipped="0">
  <testcase classname="Academy.HomePage" name="basePageNavigation" time="32.955"/>
  <system-out/>
</testsuite> <!-- Academy.HomePage -->
