<?xml version="1.0" encoding="UTF-8"?>
<!-- Generated by org.testng.reporters.JUnitReportReporter -->
<testsuite skipped="0" hostname="5CG1265QHJ" name="Academy.ValidateTitle" tests="1" failures="0" timestamp="2022-03-15T08:49:03 IST" time="0.150" errors="0">
  <testcase name="basePageNavigation" time="0.150" classname="Academy.ValidateTitle"/>
  <system-out/>
</testsuite> <!-- Academy.ValidateTitle -->
