<?xml version="1.0" encoding="UTF-8"?>
<!-- Generated by org.testng.reporters.JUnitReportReporter -->
<testsuite skipped="0" hostname="5CG1265QHJ" name="Academy.ValidateNavigationBar" tests="1" failures="0" timestamp="2022-03-18T18:46:46 IST" time="0.249" errors="0">
  <testcase name="basePageNavigation" time="0.249" classname="Academy.ValidateNavigationBar"/>
  <system-out/>
</testsuite> <!-- Academy.ValidateNavigationBar -->
