<?xml version="1.0" encoding="UTF-8"?>
<!-- Generated by org.testng.reporters.JUnitReportReporter -->
<testsuite skipped="0" hostname="5CG1265QHJ" name="Academy.AppTest" tests="1" failures="0" timestamp="2022-03-15T08:49:03 IST" time="0.006" errors="0">
  <testcase name="shouldAnswerWithTrue" time="0.006" classname="Academy.AppTest"/>
  <system-out/>
</testsuite> <!-- Academy.AppTest -->
